harness run timestamp_utc: 2026-07-20T02:33:22Z  commit: 4299c40

========================================================================
1. SECRET GENERATION + SHA-256 HASH-ONLY STORAGE + ROTATION
========================================================================
issued secret #1 length=54 chars; stored sha256=1f2b11234f4a909063a73cb398bfe629824cd553d568477a93b3bb4a864cbe49
rotated secret #2 length=54 chars; stored sha256=373984a611c298e49a2bec16159fd785e9ed387dbbcd85248455b5c145d473bd
(raw secrets are shown here only because they are throwaway demo values; in the app only the sha256 hash is persisted — never the raw key.)
[PASS] secret is token_urlsafe(40)
[PASS] rotation produces a different secret+hash
[PASS] only sha256 hash would be persisted (64 hex chars)

========================================================================
2. TLS CERTIFICATE GENERATION + VALIDATION (openssl)
========================================================================
subject=CN = pilot.lumenai.local
notBefore=Jul 20 02:33:23 2026 GMT
notAfter=Jul 20 02:33:23 2027 GMT
sha256 Fingerprint=D9:97:DE:4A:2E:0C:84:4D:C5:B2:2D:A5:28:91:78:DF:4C:88:6C:4D:94:69:09:A1:DF:3C:70:DB:52:06:B5:5A
openssl verify (self-signed as its own CA): /tmp/tmpq5qq7yu3/tls.crt: OK
[PASS] generated + inspected a valid X.509 cert

========================================================================
3. APPLICATION HEALTH PROBE (real app code via TestClient)
========================================================================
/usr/local/lib/python3.11/dist-packages/fastapi/testclient.py:1: StarletteDeprecationWarning: Using `httpx` with `starlette.testclient` is deprecated; install `httpx2` instead.
  from starlette.testclient import TestClient as TestClient  # noqa
{"timestamp": "2026-07-20 02:33:43,259", "level": "INFO", "logger": "httpx", "message": "HTTP Request: GET http://testserver/health \"HTTP/1.1 200 OK\""}
GET /health -> 200 {'status': 'ok', 'version': 'P11', 'environment': 'development'}
[PASS] /health returns 200 ok

========================================================================
4. FAIL-CLOSED WEBHOOK SECURITY (real route code)
========================================================================
{"timestamp": "2026-07-20 02:33:43,270", "level": "INFO", "logger": "httpx", "message": "HTTP Request: POST http://testserver/api/integrations/webhook/veriftsys \"HTTP/1.1 503 Service Unavailable\""}
no signing secret configured        -> 503 (expect 503, fail-closed)
{"timestamp": "2026-07-20 02:33:43,277", "level": "INFO", "logger": "httpx", "message": "HTTP Request: POST http://testserver/api/integrations/webhook/veriftsys \"HTTP/1.1 401 Unauthorized\""}
secret set, bad signature           -> 401 (expect 401, reject)
secret+tenant set, valid signature  -> signature accepted; DB write needs a migrated DB (OperationalError); happy-path proven in CI test_p17
[PASS] webhook fail-closed demonstrated (503 no-secret / 401 bad-sig)

========================================================================
5. BACKUP + RESTORE DRILL (SQLite analog — NOT the managed pilot DB)
========================================================================
rows before=1000; backup=6.2 ms; rows in restored backup=1000; restore-open=0.2 ms
[PASS] backup captured and restored all rows (analog)

========================================================================
6. SCHEMA MIGRATION CHAIN INTEGRITY
========================================================================
migration files: 13 revisions; head(s): ['e7b2f4a86c31']
[PASS] exactly one alembic head

========================================================================
SUMMARY
========================================================================
  PASS  secret_gen_hash_rotate
  PASS  tls_cert
  PASS  health
  PASS  webhook_fail_closed
  PASS  backup_restore_analog
  PASS  migration_head

6/6 capability checks passed (dev/sandbox scope only).
NOTE: these prove the *techniques* work; they do NOT prove a MANAGED pilot environment exists. Managed DB/TLS-ingress/alerting/on-call/cluster deploy+rollback are NOT provisioned here and remain NOT COMPLETE for pilot entry.
EXIT=0
